<?xml version="1.0" encoding="UTF-8"?>
<!-- Generated by org.testng.reporters.JUnitReportReporter -->
<testsuite hostname="DESKTOP-DRKC6J6" failures="0" tests="3" name="SeleniumFrameWork.MavenProject.AppTest" time="12.390" errors="0" timestamp="2024-10-27T02:47:36 IST" skipped="2">
  <testcase classname="SeleniumFrameWork.MavenProject.AppTest" name="testCases_18" time="12.390"/>
  <testcase classname="SeleniumFrameWork.MavenProject.AppTest" name="testCases_02">
    <skipped/>
  </testcase> <!-- testCases_02 -->
  <testcase classname="SeleniumFrameWork.MavenProject.AppTest" name="testCases_01">
    <skipped/>
  </testcase> <!-- testCases_01 -->
</testsuite> <!-- SeleniumFrameWork.MavenProject.AppTest -->
