<?xml version="1.0" encoding="UTF-8"?>
<!-- Generated by org.testng.reporters.JUnitReportReporter -->
<testsuite hostname="DESKTOP-DRKC6J6" failures="0" tests="2" name="SeleniumFrameWork.MavenProject.AppTest" time="33.402" errors="0" timestamp="2024-11-01T01:24:18 IST" skipped="1">
  <testcase classname="SeleniumFrameWork.MavenProject.AppTest" name="testCases_24" time="33.402"/>
  <testcase classname="SeleniumFrameWork.MavenProject.AppTest" name="testCases_02">
    <skipped/>
  </testcase> <!-- testCases_02 -->
</testsuite> <!-- SeleniumFrameWork.MavenProject.AppTest -->
